Arguments: 
  /Users/chase/.nvm/versions/node/v12.11.1/bin/node /usr/local/Cellar/yarn/1.21.1/libexec/bin/yarn.js add -D @types/eval

PATH: 
  /Users/chase/google-cloud-sdk/bin:/usr/local/mysql/bin:/Users/chase/.rvm/gems/ruby-2.1.6/bin:/Users/chase/.rvm/gems/ruby-2.1.6@global/bin:/Users/chase/.rvm/rubies/ruby-2.1.6/bin:/Users/chase/.nvm/versions/node/v12.11.1/bin:/usr/local/bin:/usr/bin:/bin:/usr/sbin:/sbin:/Applications/Wireshark.app/Contents/MacOS:/Users/chase/.rvm/bin

Yarn version: 
  1.21.1

Node version: 
  12.11.1

Platform: 
  darwin x64

Trace: 
  Error: https://registry.npmjs.org/@types%2feval: Not found
      at Request.params.callback [as _callback] (/usr/local/Cellar/yarn/1.21.1/libexec/lib/cli.js:66947:18)
      at Request.self.callback (/usr/local/Cellar/yarn/1.21.1/libexec/lib/cli.js:140665:22)
      at Request.emit (events.js:210:5)
      at Request.<anonymous> (/usr/local/Cellar/yarn/1.21.1/libexec/lib/cli.js:141637:10)
      at Request.emit (events.js:210:5)
      at IncomingMessage.<anonymous> (/usr/local/Cellar/yarn/1.21.1/libexec/lib/cli.js:141559:12)
      at Object.onceWrapper (events.js:299:28)
      at IncomingMessage.emit (events.js:215:7)
      at endReadableNT (_stream_readable.js:1183:12)
      at processTicksAndRejections (internal/process/task_queues.js:80:21)

npm manifest: 
  {
    "name": "jsft",
    "version": "0.0.1",
    "description": "Javascript Object Functional Templates",
    "main": "dist/index.js",
    "scripts": {
      "test": "echo \"Error: no test specified\" && exit 1"
    },
    "author": "Chase Martin",
    "license": "ISC",
    "devDependencies": {
      "@types/node": "^14.14.31",
      "typescript": "^4.2.2"
    },
    "dependencies": {
      "eval": "^0.1.6"
    }
  }

yarn manifest: 
  No manifest

Lockfile: 
  # THIS IS AN AUTOGENERATED FILE. DO NOT EDIT THIS FILE DIRECTLY.
  # yarn lockfile v1
  
  
  "@types/node@^14.14.31":
    version "14.14.31"
    resolved "https://registry.yarnpkg.com/@types/node/-/node-14.14.31.tgz#72286bd33d137aa0d152d47ec7c1762563d34055"
    integrity sha512-vFHy/ezP5qI0rFgJ7aQnjDXwAMrG0KqqIH7tQG5PPv3BWBayOPIQNBjVc/P6hhdZfMx51REc6tfDNXHUio893g==
  
  typescript@^4.2.2:
    version "4.2.2"
    resolved "https://registry.yarnpkg.com/typescript/-/typescript-4.2.2.tgz#1450f020618f872db0ea17317d16d8da8ddb8c4c"
    integrity sha512-tbb+NVrLfnsJy3M59lsDgrzWIflR4d4TIUjz+heUnHZwdF7YsrMTKoRERiIvI2lvBG95dfpLxB21WZhys1bgaQ==
